# JRE version: OpenJDK Runtime Environment Temurin-17.0.6+10 (17.0.6+10) (build 17.0.6+10)
# Java VM: OpenJDK 64-Bit Server VM Temurin-17.0.6+10 (17.0.6+10, mixed mode, tiered, compressed oops, compressed class ptrs, parallel gc, windows-amd64)
GC Precious Log:
 CPUs: 4 total, 4 available
 Memory: 6020M
 Large Page Support: Disabled
 NUMA Support: Disabled
 Compressed Oops: Enabled (32-bit)
 Alignments: Space 512K, Generation 512K, Heap 2M
 Heap Min Capacity: 100M
 Heap Initial Capacity: 100M
 Heap Max Capacity: 1G
 Pre-touch: Disabled
 Parallel Workers: 4
Heap:
 PSYoungGen      total 6144K, used 3016K [0x00000000eab00000, 0x00000000eb280000, 0x0000000100000000)
  eden space 4608K, 41% used [0x00000000eab00000,0x00000000eacda3b0,0x00000000eaf80000)
  from space 1536K, 72% used [0x00000000eaf80000,0x00000000eb098000,0x00000000eb100000)
  to   space 1536K, 0% used [0x00000000eb100000,0x00000000eb100000,0x00000000eb280000)
 ParOldGen       total 129024K, used 89267K [0x00000000c0000000, 0x00000000c7e00000, 0x00000000eab00000)
  object space 129024K, 69% used [0x00000000c0000000,0x00000000c572ce78,0x00000000c7e00000)
 Metaspace       used 68359K, committed 69312K, reserved 1114112K
  class space    used 7229K, committed 7616K, reserved 1048576K
GC Heap History (20 events):
Event: 56.209 GC heap before
{Heap before GC invocations=53 (full 5):
 PSYoungGen      total 6144K, used 5328K [0x00000000eab00000, 0x00000000eb500000, 0x0000000100000000)
  eden space 4608K, 100% used [0x00000000eab00000,0x00000000eaf80000,0x00000000eaf80000)
  from space 1536K, 46% used [0x00000000eb200000,0x00000000eb2b4010,0x00000000eb380000)
  to   space 1024K, 0% used [0x00000000eb400000,0x00000000eb400000,0x00000000eb500000)
 ParOldGen       total 129024K, used 86904K [0x00000000c0000000, 0x00000000c7e00000, 0x00000000eab00000)
  object space 129024K, 67% used [0x00000000c0000000,0x00000000c54de168,0x00000000c7e00000)
 Metaspace       used 67742K, committed 68736K, reserved 1114112K
  class space    used 7192K, committed 7616K, reserved 1048576K
}
Event: 56.211 GC heap after
{Heap after GC invocations=53 (full 5):
 PSYoungGen      total 5120K, used 256K [0x00000000eab00000, 0x00000000eb480000, 0x0000000100000000)
  eden space 4608K, 0% used [0x00000000eab00000,0x00000000eab00000,0x00000000eaf80000)
  from space 512K, 50% used [0x00000000eb400000,0x00000000eb440000,0x00000000eb480000)
  to   space 512K, 0% used [0x00000000eb380000,0x00000000eb380000,0x00000000eb400000)
 ParOldGen       total 129024K, used 86912K [0x00000000c0000000, 0x00000000c7e00000, 0x00000000eab00000)
  object space 129024K, 67% used [0x00000000c0000000,0x00000000c54e0168,0x00000000c7e00000)
 Metaspace       used 67742K, committed 68736K, reserved 1114112K
  class space    used 7192K, committed 7616K, reserved 1048576K
}
Event: 56.762 GC heap before
{Heap before GC invocations=54 (full 5):
 PSYoungGen      total 5120K, used 4863K [0x00000000eab00000, 0x00000000eb480000, 0x0000000100000000)
  eden space 4608K, 99% used [0x00000000eab00000,0x00000000eaf7fff0,0x00000000eaf80000)
  from space 512K, 50% used [0x00000000eb400000,0x00000000eb440000,0x00000000eb480000)
  to   space 512K, 0% used [0x00000000eb380000,0x00000000eb380000,0x00000000eb400000)
 ParOldGen       total 129024K, used 86912K [0x00000000c0000000, 0x00000000c7e00000, 0x00000000eab00000)
  object space 129024K, 67% used [0x00000000c0000000,0x00000000c54e0168,0x00000000c7e00000)
 Metaspace       used 67786K, committed 68800K, reserved 1114112K
  class space    used 7192K, committed 7616K, reserved 1048576K
}
Event: 56.765 GC heap after
{Heap after GC invocations=54 (full 5):
 PSYoungGen      total 5120K, used 512K [0x00000000eab00000, 0x00000000eb480000, 0x0000000100000000)
  eden space 4608K, 0% used [0x00000000eab00000,0x00000000eab00000,0x00000000eaf80000)
  from space 512K, 100% used [0x00000000eb380000,0x00000000eb400000,0x00000000eb400000)
  to   space 512K, 0% used [0x00000000eb400000,0x00000000eb400000,0x00000000eb480000)
 ParOldGen       total 129024K, used 87048K [0x00000000c0000000, 0x00000000c7e00000, 0x00000000eab00000)
  object space 129024K, 67% used [0x00000000c0000000,0x00000000c5502168,0x00000000c7e00000)
 Metaspace       used 67786K, committed 68800K, reserved 1114112K
  class space    used 7192K, committed 7616K, reserved 1048576K
}
Event: 58.356 GC heap before
{Heap before GC invocations=55 (full 5):
 PSYoungGen      total 5120K, used 5120K [0x00000000eab00000, 0x00000000eb480000, 0x0000000100000000)
  eden space 4608K, 100% used [0x00000000eab00000,0x00000000eaf80000,0x00000000eaf80000)
  from space 512K, 100% used [0x00000000eb380000,0x00000000eb400000,0x00000000eb400000)
  to   space 512K, 0% used [0x00000000eb400000,0x00000000eb400000,0x00000000eb480000)
 ParOldGen       total 129024K, used 87048K [0x00000000c0000000, 0x00000000c7e00000, 0x00000000eab00000)
  object space 129024K, 67% used [0x00000000c0000000,0x00000000c5502168,0x00000000c7e00000)
 Metaspace       used 67831K, committed 68800K, reserved 1114112K
  class space    used 7192K, committed 7616K, reserved 1048576K
}
Event: 58.358 GC heap after
{Heap after GC invocations=55 (full 5):
 PSYoungGen      total 5120K, used 496K [0x00000000eab00000, 0x00000000eb480000, 0x0000000100000000)
  eden space 4608K, 0% used [0x00000000eab00000,0x00000000eab00000,0x00000000eaf80000)
  from space 512K, 96% used [0x00000000eb400000,0x00000000eb47c010,0x00000000eb480000)
  to   space 1024K, 0% used [0x00000000eb280000,0x00000000eb280000,0x00000000eb380000)
 ParOldGen       total 129024K, used 87112K [0x00000000c0000000, 0x00000000c7e00000, 0x00000000eab00000)
  object space 129024K, 67% used [0x00000000c0000000,0x00000000c5512168,0x00000000c7e00000)
 Metaspace       used 67831K, committed 68800K, reserved 1114112K
  class space    used 7192K, committed 7616K, reserved 1048576K
}
Event: 58.977 GC heap before
{Heap before GC invocations=56 (full 5):
 PSYoungGen      total 5120K, used 5103K [0x00000000eab00000, 0x00000000eb480000, 0x0000000100000000)
  eden space 4608K, 99% used [0x00000000eab00000,0x00000000eaf7ffb0,0x00000000eaf80000)
  from space 512K, 96% used [0x00000000eb400000,0x00000000eb47c010,0x00000000eb480000)
  to   space 1024K, 0% used [0x00000000eb280000,0x00000000eb280000,0x00000000eb380000)
 ParOldGen       total 129024K, used 87112K [0x00000000c0000000, 0x00000000c7e00000, 0x00000000eab00000)
  object space 129024K, 67% used [0x00000000c0000000,0x00000000c5512168,0x00000000c7e00000)
 Metaspace       used 67858K, committed 68800K, reserved 1114112K
  class space    used 7192K, committed 7616K, reserved 1048576K
}
Event: 58.978 GC heap after
{Heap after GC invocations=56 (full 5):
 PSYoungGen      total 5632K, used 528K [0x00000000eab00000, 0x00000000eb480000, 0x0000000100000000)
  eden space 4608K, 0% used [0x00000000eab00000,0x00000000eab00000,0x00000000eaf80000)
  from space 1024K, 51% used [0x00000000eb280000,0x00000000eb304010,0x00000000eb380000)
  to   space 1024K, 0% used [0x00000000eb380000,0x00000000eb380000,0x00000000eb480000)
 ParOldGen       total 129024K, used 87120K [0x00000000c0000000, 0x00000000c7e00000, 0x00000000eab00000)
  object space 129024K, 67% used [0x00000000c0000000,0x00000000c5514168,0x00000000c7e00000)
 Metaspace       used 67858K, committed 68800K, reserved 1114112K
  class space    used 7192K, committed 7616K, reserved 1048576K
}
Event: 59.263 GC heap before
{Heap before GC invocations=57 (full 5):
 PSYoungGen      total 5632K, used 5136K [0x00000000eab00000, 0x00000000eb480000, 0x0000000100000000)
  eden space 4608K, 100% used [0x00000000eab00000,0x00000000eaf80000,0x00000000eaf80000)
  from space 1024K, 51% used [0x00000000eb280000,0x00000000eb304010,0x00000000eb380000)
  to   space 1024K, 0% used [0x00000000eb380000,0x00000000eb380000,0x00000000eb480000)
 ParOldGen       total 129024K, used 87120K [0x00000000c0000000, 0x00000000c7e00000, 0x00000000eab00000)
  object space 129024K, 67% used [0x00000000c0000000,0x00000000c5514168,0x00000000c7e00000)
 Metaspace       used 67893K, committed 68928K, reserved 1114112K
  class space    used 7192K, committed 7616K, reserved 1048576K
}
Event: 59.266 GC heap after
{Heap after GC invocations=57 (full 5):
 PSYoungGen      total 5632K, used 992K [0x00000000eab00000, 0x00000000eb480000, 0x0000000100000000)
  eden space 4608K, 0% used [0x00000000eab00000,0x00000000eab00000,0x00000000eaf80000)
  from space 1024K, 96% used [0x00000000eb380000,0x00000000eb478020,0x00000000eb480000)
  to   space 1536K, 0% used [0x00000000eb180000,0x00000000eb180000,0x00000000eb300000)
 ParOldGen       total 129024K, used 87470K [0x00000000c0000000, 0x00000000c7e00000, 0x00000000eab00000)
  object space 129024K, 67% used [0x00000000c0000000,0x00000000c556bbc8,0x00000000c7e00000)
 Metaspace       used 67893K, committed 68928K, reserved 1114112K
  class space    used 7192K, committed 7616K, reserved 1048576K
}
Event: 59.669 GC heap before
{Heap before GC invocations=58 (full 5):
 PSYoungGen      total 5632K, used 5600K [0x00000000eab00000, 0x00000000eb480000, 0x0000000100000000)
  eden space 4608K, 100% used [0x00000000eab00000,0x00000000eaf80000,0x00000000eaf80000)
  from space 1024K, 96% used [0x00000000eb380000,0x00000000eb478020,0x00000000eb480000)
  to   space 1536K, 0% used [0x00000000eb180000,0x00000000eb180000,0x00000000eb300000)
 ParOldGen       total 129024K, used 87470K [0x00000000c0000000, 0x00000000c7e00000, 0x00000000eab00000)
  object space 129024K, 67% used [0x00000000c0000000,0x00000000c556bbc8,0x00000000c7e00000)
 Metaspace       used 67931K, committed 68928K, reserved 1114112K
  class space    used 7192K, committed 7616K, reserved 1048576K
}
Event: 59.671 GC heap after
{Heap after GC invocations=58 (full 5):
 PSYoungGen      total 6144K, used 1440K [0x00000000eab00000, 0x00000000eb400000, 0x0000000100000000)
  eden space 4608K, 0% used [0x00000000eab00000,0x00000000eab00000,0x00000000eaf80000)
  from space 1536K, 93% used [0x00000000eb180000,0x00000000eb2e8020,0x00000000eb300000)
  to   space 1024K, 0% used [0x00000000eb300000,0x00000000eb300000,0x00000000eb400000)
 ParOldGen       total 129024K, used 87526K [0x00000000c0000000, 0x00000000c7e00000, 0x00000000eab00000)
  object space 129024K, 67% used [0x00000000c0000000,0x00000000c5579bc8,0x00000000c7e00000)
 Metaspace       used 67931K, committed 68928K, reserved 1114112K
  class space    used 7192K, committed 7616K, reserved 1048576K
}
Event: 59.947 GC heap before
{Heap before GC invocations=59 (full 5):
 PSYoungGen      total 6144K, used 6048K [0x00000000eab00000, 0x00000000eb400000, 0x0000000100000000)
  eden space 4608K, 100% used [0x00000000eab00000,0x00000000eaf80000,0x00000000eaf80000)
  from space 1536K, 93% used [0x00000000eb180000,0x00000000eb2e8020,0x00000000eb300000)
  to   space 1024K, 0% used [0x00000000eb300000,0x00000000eb300000,0x00000000eb400000)
 ParOldGen       total 129024K, used 87526K [0x00000000c0000000, 0x00000000c7e00000, 0x00000000eab00000)
  object space 129024K, 67% used [0x00000000c0000000,0x00000000c5579bc8,0x00000000c7e00000)
 Metaspace       used 67957K, committed 68992K, reserved 1114112K
  class space    used 7193K, committed 7616K, reserved 1048576K
}
Event: 59.950 GC heap after
{Heap after GC invocations=59 (full 5):
 PSYoungGen      total 5632K, used 1024K [0x00000000eab00000, 0x00000000eb580000, 0x0000000100000000)
  eden space 4608K, 0% used [0x00000000eab00000,0x00000000eab00000,0x00000000eaf80000)
  from space 1024K, 100% used [0x00000000eb300000,0x00000000eb400000,0x00000000eb400000)
  to   space 3072K, 0% used [0x00000000eaf80000,0x00000000eaf80000,0x00000000eb280000)
 ParOldGen       total 129024K, used 89219K [0x00000000c0000000, 0x00000000c7e00000, 0x00000000eab00000)
  object space 129024K, 69% used [0x00000000c0000000,0x00000000c5720e78,0x00000000c7e00000)
 Metaspace       used 67957K, committed 68992K, reserved 1114112K
  class space    used 7193K, committed 7616K, reserved 1048576K
}
Event: 61.046 GC heap before
{Heap before GC invocations=60 (full 5):
 PSYoungGen      total 5632K, used 5632K [0x00000000eab00000, 0x00000000eb580000, 0x0000000100000000)
  eden space 4608K, 100% used [0x00000000eab00000,0x00000000eaf80000,0x00000000eaf80000)
  from space 1024K, 100% used [0x00000000eb300000,0x00000000eb400000,0x00000000eb400000)
  to   space 3072K, 0% used [0x00000000eaf80000,0x00000000eaf80000,0x00000000eb280000)
 ParOldGen       total 129024K, used 89219K [0x00000000c0000000, 0x00000000c7e00000, 0x00000000eab00000)
  object space 129024K, 69% used [0x00000000c0000000,0x00000000c5720e78,0x00000000c7e00000)
 Metaspace       used 68015K, committed 68992K, reserved 1114112K
  class space    used 7194K, committed 7616K, reserved 1048576K
}
Event: 61.048 GC heap after
{Heap after GC invocations=60 (full 5):
 PSYoungGen      total 6144K, used 1456K [0x00000000eab00000, 0x00000000eb380000, 0x0000000100000000)
  eden space 4608K, 0% used [0x00000000eab00000,0x00000000eab00000,0x00000000eaf80000)
  from space 1536K, 94% used [0x00000000eaf80000,0x00000000eb0ec010,0x00000000eb100000)
  to   space 2048K, 0% used [0x00000000eb180000,0x00000000eb180000,0x00000000eb380000)
 ParOldGen       total 129024K, used 89251K [0x00000000c0000000, 0x00000000c7e00000, 0x00000000eab00000)
  object space 129024K, 69% used [0x00000000c0000000,0x00000000c5728e78,0x00000000c7e00000)
 Metaspace       used 68015K, committed 68992K, reserved 1114112K
  class space    used 7194K, committed 7616K, reserved 1048576K
}
Event: 61.109 GC heap before
{Heap before GC invocations=61 (full 5):
 PSYoungGen      total 6144K, used 6060K [0x00000000eab00000, 0x00000000eb380000, 0x0000000100000000)
  eden space 4608K, 99% used [0x00000000eab00000,0x00000000eaf7f340,0x00000000eaf80000)
  from space 1536K, 94% used [0x00000000eaf80000,0x00000000eb0ec010,0x00000000eb100000)
  to   space 2048K, 0% used [0x00000000eb180000,0x00000000eb180000,0x00000000eb380000)
 ParOldGen       total 129024K, used 89251K [0x00000000c0000000, 0x00000000c7e00000, 0x00000000eab00000)
  object space 129024K, 69% used [0x00000000c0000000,0x00000000c5728e78,0x00000000c7e00000)
 Metaspace       used 68064K, committed 69056K, reserved 1114112K
  class space    used 7194K, committed 7616K, reserved 1048576K
}
Event: 61.112 GC heap after
{Heap after GC invocations=61 (full 5):
 PSYoungGen      total 6656K, used 1728K [0x00000000eab00000, 0x00000000eb380000, 0x0000000100000000)
  eden space 4608K, 0% used [0x00000000eab00000,0x00000000eab00000,0x00000000eaf80000)
  from space 2048K, 84% used [0x00000000eb180000,0x00000000eb330020,0x00000000eb380000)
  to   space 2048K, 0% used [0x00000000eaf80000,0x00000000eaf80000,0x00000000eb180000)
 ParOldGen       total 129024K, used 89259K [0x00000000c0000000, 0x00000000c7e00000, 0x00000000eab00000)
  object space 129024K, 69% used [0x00000000c0000000,0x00000000c572ae78,0x00000000c7e00000)
 Metaspace       used 68064K, committed 69056K, reserved 1114112K
  class space    used 7194K, committed 7616K, reserved 1048576K
}
Event: 61.830 GC heap before
{Heap before GC invocations=62 (full 5):
 PSYoungGen      total 6656K, used 6336K [0x00000000eab00000, 0x00000000eb380000, 0x0000000100000000)
  eden space 4608K, 100% used [0x00000000eab00000,0x00000000eaf80000,0x00000000eaf80000)
  from space 2048K, 84% used [0x00000000eb180000,0x00000000eb330020,0x00000000eb380000)
  to   space 2048K, 0% used [0x00000000eaf80000,0x00000000eaf80000,0x00000000eb180000)
 ParOldGen       total 129024K, used 89259K [0x00000000c0000000, 0x00000000c7e00000, 0x00000000eab00000)
  object space 129024K, 69% used [0x00000000c0000000,0x00000000c572ae78,0x00000000c7e00000)
 Metaspace       used 68142K, committed 69120K, reserved 1114112K
  class space    used 7194K, committed 7616K, reserved 1048576K
}
Event: 61.834 GC heap after
{Heap after GC invocations=62 (full 5):
 PSYoungGen      total 6144K, used 1120K [0x00000000eab00000, 0x00000000eb280000, 0x0000000100000000)
  eden space 4608K, 0% used [0x00000000eab00000,0x00000000eab00000,0x00000000eaf80000)
  from space 1536K, 72% used [0x00000000eaf80000,0x00000000eb098000,0x00000000eb100000)
  to   space 1536K, 0% used [0x00000000eb100000,0x00000000eb100000,0x00000000eb280000)
 ParOldGen       total 129024K, used 89267K [0x00000000c0000000, 0x00000000c7e00000, 0x00000000eab00000)
  object space 129024K, 69% used [0x00000000c0000000,0x00000000c572ce78,0x00000000c7e00000)
 Metaspace       used 68142K, committed 69120K, reserved 1114112K
  class space    used 7194K, committed 7616K, reserved 1048576K
}

