# JRE version: OpenJDK Runtime Environment Temurin-17.0.5+8 (17.0.5+8) (build 17.0.5+8)
# Java VM: OpenJDK 64-Bit Server VM Temurin-17.0.5+8 (17.0.5+8, mixed mode, tiered, compressed oops, compressed class ptrs, parallel gc, windows-amd64)
GC Precious Log:
 CPUs: 4 total, 4 available
 Memory: 3460M
 Large Page Support: Disabled
 NUMA Support: Disabled
 Compressed Oops: Enabled (32-bit)
 Alignments: Space 512K, Generation 512K, Heap 2M
 Heap Min Capacity: 100M
 Heap Initial Capacity: 100M
 Heap Max Capacity: 1G
 Pre-touch: Disabled
 Parallel Workers: 4
Heap:
 PSYoungGen      total 19456K, used 9893K [0x00000000eab00000, 0x00000000ec600000, 0x0000000100000000)
  eden space 17408K, 46% used [0x00000000eab00000,0x00000000eb2fd6b8,0x00000000ebc00000)
  from space 2048K, 83% used [0x00000000ebe80000,0x00000000ec02c020,0x00000000ec080000)
  to   space 3072K, 0% used [0x00000000ec300000,0x00000000ec300000,0x00000000ec600000)
 ParOldGen       total 78336K, used 57428K [0x00000000c0000000, 0x00000000c4c80000, 0x00000000eab00000)
  object space 78336K, 73% used [0x00000000c0000000,0x00000000c38151d8,0x00000000c4c80000)
 Metaspace       used 64811K, committed 65792K, reserved 1114112K
  class space    used 6627K, committed 7040K, reserved 1048576K
GC Heap History (20 events):
Event: 28.920 GC heap before
{Heap before GC invocations=35 (full 3):
 PSYoungGen      total 23040K, used 22544K [0x00000000eab00000, 0x00000000ec680000, 0x0000000100000000)
  eden space 21504K, 100% used [0x00000000eab00000,0x00000000ec000000,0x00000000ec000000)
  from space 1536K, 67% used [0x00000000ec000000,0x00000000ec104000,0x00000000ec180000)
  to   space 2560K, 0% used [0x00000000ec400000,0x00000000ec400000,0x00000000ec680000)
 ParOldGen       total 68608K, used 54024K [0x00000000c0000000, 0x00000000c4300000, 0x00000000eab00000)
  object space 68608K, 78% used [0x00000000c0000000,0x00000000c34c2378,0x00000000c4300000)
 Metaspace       used 63244K, committed 64320K, reserved 1114112K
  class space    used 6587K, committed 7040K, reserved 1048576K
}
Event: 28.923 GC heap after
{Heap after GC invocations=35 (full 3):
 PSYoungGen      total 22528K, used 720K [0x00000000eab00000, 0x00000000ec500000, 0x0000000100000000)
  eden space 21504K, 0% used [0x00000000eab00000,0x00000000eab00000,0x00000000ec000000)
  from space 1024K, 70% used [0x00000000ec400000,0x00000000ec4b4010,0x00000000ec500000)
  to   space 1536K, 0% used [0x00000000ec200000,0x00000000ec200000,0x00000000ec380000)
 ParOldGen       total 68608K, used 54990K [0x00000000c0000000, 0x00000000c4300000, 0x00000000eab00000)
  object space 68608K, 80% used [0x00000000c0000000,0x00000000c35b3840,0x00000000c4300000)
 Metaspace       used 63244K, committed 64320K, reserved 1114112K
  class space    used 6587K, committed 7040K, reserved 1048576K
}
Event: 30.232 GC heap before
{Heap before GC invocations=36 (full 3):
 PSYoungGen      total 22528K, used 22224K [0x00000000eab00000, 0x00000000ec500000, 0x0000000100000000)
  eden space 21504K, 100% used [0x00000000eab00000,0x00000000ec000000,0x00000000ec000000)
  from space 1024K, 70% used [0x00000000ec400000,0x00000000ec4b4010,0x00000000ec500000)
  to   space 1536K, 0% used [0x00000000ec200000,0x00000000ec200000,0x00000000ec380000)
 ParOldGen       total 68608K, used 54990K [0x00000000c0000000, 0x00000000c4300000, 0x00000000eab00000)
  object space 68608K, 80% used [0x00000000c0000000,0x00000000c35b3840,0x00000000c4300000)
 Metaspace       used 63451K, committed 64512K, reserved 1114112K
  class space    used 6592K, committed 7040K, reserved 1048576K
}
Event: 30.236 GC heap after
{Heap after GC invocations=36 (full 3):
 PSYoungGen      total 23040K, used 160K [0x00000000eab00000, 0x00000000ec480000, 0x0000000100000000)
  eden space 21504K, 0% used [0x00000000eab00000,0x00000000eab00000,0x00000000ec000000)
  from space 1536K, 10% used [0x00000000ec200000,0x00000000ec228000,0x00000000ec380000)
  to   space 512K, 0% used [0x00000000ec400000,0x00000000ec400000,0x00000000ec480000)
 ParOldGen       total 68608K, used 55563K [0x00000000c0000000, 0x00000000c4300000, 0x00000000eab00000)
  object space 68608K, 80% used [0x00000000c0000000,0x00000000c3642ce0,0x00000000c4300000)
 Metaspace       used 63451K, committed 64512K, reserved 1114112K
  class space    used 6592K, committed 7040K, reserved 1048576K
}
Event: 31.963 GC heap before
{Heap before GC invocations=37 (full 3):
 PSYoungGen      total 23040K, used 21664K [0x00000000eab00000, 0x00000000ec480000, 0x0000000100000000)
  eden space 21504K, 100% used [0x00000000eab00000,0x00000000ec000000,0x00000000ec000000)
  from space 1536K, 10% used [0x00000000ec200000,0x00000000ec228000,0x00000000ec380000)
  to   space 512K, 0% used [0x00000000ec400000,0x00000000ec400000,0x00000000ec480000)
 ParOldGen       total 68608K, used 55563K [0x00000000c0000000, 0x00000000c4300000, 0x00000000eab00000)
  object space 68608K, 80% used [0x00000000c0000000,0x00000000c3642ce0,0x00000000c4300000)
 Metaspace       used 63598K, committed 64640K, reserved 1114112K
  class space    used 6592K, committed 7040K, reserved 1048576K
}
Event: 31.974 GC heap after
{Heap after GC invocations=37 (full 3):
 PSYoungGen      total 17920K, used 510K [0x00000000eab00000, 0x00000000ed000000, 0x0000000100000000)
  eden space 17408K, 0% used [0x00000000eab00000,0x00000000eab00000,0x00000000ebc00000)
  from space 512K, 99% used [0x00000000ec400000,0x00000000ec47fbe0,0x00000000ec480000)
  to   space 8192K, 0% used [0x00000000ebc00000,0x00000000ebc00000,0x00000000ec400000)
 ParOldGen       total 68608K, used 61641K [0x00000000c0000000, 0x00000000c4300000, 0x00000000eab00000)
  object space 68608K, 89% used [0x00000000c0000000,0x00000000c3c327e0,0x00000000c4300000)
 Metaspace       used 63598K, committed 64640K, reserved 1114112K
  class space    used 6592K, committed 7040K, reserved 1048576K
}
Event: 31.974 GC heap before
{Heap before GC invocations=38 (full 4):
 PSYoungGen      total 17920K, used 510K [0x00000000eab00000, 0x00000000ed000000, 0x0000000100000000)
  eden space 17408K, 0% used [0x00000000eab00000,0x00000000eab00000,0x00000000ebc00000)
  from space 512K, 99% used [0x00000000ec400000,0x00000000ec47fbe0,0x00000000ec480000)
  to   space 8192K, 0% used [0x00000000ebc00000,0x00000000ebc00000,0x00000000ec400000)
 ParOldGen       total 68608K, used 61641K [0x00000000c0000000, 0x00000000c4300000, 0x00000000eab00000)
  object space 68608K, 89% used [0x00000000c0000000,0x00000000c3c327e0,0x00000000c4300000)
 Metaspace       used 63598K, committed 64640K, reserved 1114112K
  class space    used 6592K, committed 7040K, reserved 1048576K
}
Event: 32.078 GC heap after
{Heap after GC invocations=38 (full 4):
 PSYoungGen      total 25600K, used 0K [0x00000000eab00000, 0x00000000ecc00000, 0x0000000100000000)
  eden space 17408K, 0% used [0x00000000eab00000,0x00000000eab00000,0x00000000ebc00000)
  from space 8192K, 0% used [0x00000000ebc00000,0x00000000ebc00000,0x00000000ec400000)
  to   space 8192K, 0% used [0x00000000ec400000,0x00000000ec400000,0x00000000ecc00000)
 ParOldGen       total 78336K, used 45881K [0x00000000c0000000, 0x00000000c4c80000, 0x00000000eab00000)
  object space 78336K, 58% used [0x00000000c0000000,0x00000000c2cce618,0x00000000c4c80000)
 Metaspace       used 63598K, committed 64640K, reserved 1114112K
  class space    used 6592K, committed 7040K, reserved 1048576K
}
Event: 33.010 GC heap before
{Heap before GC invocations=39 (full 4):
 PSYoungGen      total 25600K, used 17408K [0x00000000eab00000, 0x00000000ecc00000, 0x0000000100000000)
  eden space 17408K, 100% used [0x00000000eab00000,0x00000000ebc00000,0x00000000ebc00000)
  from space 8192K, 0% used [0x00000000ebc00000,0x00000000ebc00000,0x00000000ec400000)
  to   space 8192K, 0% used [0x00000000ec400000,0x00000000ec400000,0x00000000ecc00000)
 ParOldGen       total 78336K, used 45881K [0x00000000c0000000, 0x00000000c4c80000, 0x00000000eab00000)
  object space 78336K, 58% used [0x00000000c0000000,0x00000000c2cce618,0x00000000c4c80000)
 Metaspace       used 63863K, committed 64896K, reserved 1114112K
  class space    used 6596K, committed 7040K, reserved 1048576K
}
Event: 33.013 GC heap after
{Heap after GC invocations=39 (full 4):
 PSYoungGen      total 18432K, used 576K [0x00000000eab00000, 0x00000000ec500000, 0x0000000100000000)
  eden space 17408K, 0% used [0x00000000eab00000,0x00000000eab00000,0x00000000ebc00000)
  from space 1024K, 56% used [0x00000000ec400000,0x00000000ec490000,0x00000000ec500000)
  to   space 3072K, 0% used [0x00000000ebf00000,0x00000000ebf00000,0x00000000ec200000)
 ParOldGen       total 78336K, used 45889K [0x00000000c0000000, 0x00000000c4c80000, 0x00000000eab00000)
  object space 78336K, 58% used [0x00000000c0000000,0x00000000c2cd0618,0x00000000c4c80000)
 Metaspace       used 63863K, committed 64896K, reserved 1114112K
  class space    used 6596K, committed 7040K, reserved 1048576K
}
Event: 40.038 GC heap before
{Heap before GC invocations=40 (full 4):
 PSYoungGen      total 18432K, used 17984K [0x00000000eab00000, 0x00000000ec500000, 0x0000000100000000)
  eden space 17408K, 100% used [0x00000000eab00000,0x00000000ebc00000,0x00000000ebc00000)
  from space 1024K, 56% used [0x00000000ec400000,0x00000000ec490000,0x00000000ec500000)
  to   space 3072K, 0% used [0x00000000ebf00000,0x00000000ebf00000,0x00000000ec200000)
 ParOldGen       total 78336K, used 45889K [0x00000000c0000000, 0x00000000c4c80000, 0x00000000eab00000)
  object space 78336K, 58% used [0x00000000c0000000,0x00000000c2cd0618,0x00000000c4c80000)
 Metaspace       used 64043K, committed 65088K, reserved 1114112K
  class space    used 6598K, committed 7040K, reserved 1048576K
}
Event: 40.046 GC heap after
{Heap after GC invocations=40 (full 4):
 PSYoungGen      total 20480K, used 3042K [0x00000000eab00000, 0x00000000ec500000, 0x0000000100000000)
  eden space 17408K, 0% used [0x00000000eab00000,0x00000000eab00000,0x00000000ebc00000)
  from space 3072K, 99% used [0x00000000ebf00000,0x00000000ec1f8890,0x00000000ec200000)
  to   space 3072K, 0% used [0x00000000ec200000,0x00000000ec200000,0x00000000ec500000)
 ParOldGen       total 78336K, used 46633K [0x00000000c0000000, 0x00000000c4c80000, 0x00000000eab00000)
  object space 78336K, 59% used [0x00000000c0000000,0x00000000c2d8a618,0x00000000c4c80000)
 Metaspace       used 64043K, committed 65088K, reserved 1114112K
  class space    used 6598K, committed 7040K, reserved 1048576K
}
Event: 40.401 GC heap before
{Heap before GC invocations=41 (full 4):
 PSYoungGen      total 20480K, used 20450K [0x00000000eab00000, 0x00000000ec500000, 0x0000000100000000)
  eden space 17408K, 100% used [0x00000000eab00000,0x00000000ebc00000,0x00000000ebc00000)
  from space 3072K, 99% used [0x00000000ebf00000,0x00000000ec1f8890,0x00000000ec200000)
  to   space 3072K, 0% used [0x00000000ec200000,0x00000000ec200000,0x00000000ec500000)
 ParOldGen       total 78336K, used 46633K [0x00000000c0000000, 0x00000000c4c80000, 0x00000000eab00000)
  object space 78336K, 59% used [0x00000000c0000000,0x00000000c2d8a618,0x00000000c4c80000)
 Metaspace       used 64183K, committed 65216K, reserved 1114112K
  class space    used 6601K, committed 7040K, reserved 1048576K
}
Event: 40.406 GC heap after
{Heap after GC invocations=41 (full 4):
 PSYoungGen      total 19456K, used 1552K [0x00000000eab00000, 0x00000000ec400000, 0x0000000100000000)
  eden space 17408K, 0% used [0x00000000eab00000,0x00000000eab00000,0x00000000ebc00000)
  from space 2048K, 75% used [0x00000000ec200000,0x00000000ec384010,0x00000000ec400000)
  to   space 2560K, 0% used [0x00000000ebf00000,0x00000000ebf00000,0x00000000ec180000)
 ParOldGen       total 78336K, used 47134K [0x00000000c0000000, 0x00000000c4c80000, 0x00000000eab00000)
  object space 78336K, 60% used [0x00000000c0000000,0x00000000c2e07a98,0x00000000c4c80000)
 Metaspace       used 64183K, committed 65216K, reserved 1114112K
  class space    used 6601K, committed 7040K, reserved 1048576K
}
Event: 41.601 GC heap before
{Heap before GC invocations=42 (full 4):
 PSYoungGen      total 19456K, used 18960K [0x00000000eab00000, 0x00000000ec400000, 0x0000000100000000)
  eden space 17408K, 100% used [0x00000000eab00000,0x00000000ebc00000,0x00000000ebc00000)
  from space 2048K, 75% used [0x00000000ec200000,0x00000000ec384010,0x00000000ec400000)
  to   space 2560K, 0% used [0x00000000ebf00000,0x00000000ebf00000,0x00000000ec180000)
 ParOldGen       total 78336K, used 47134K [0x00000000c0000000, 0x00000000c4c80000, 0x00000000eab00000)
  object space 78336K, 60% used [0x00000000c0000000,0x00000000c2e07a98,0x00000000c4c80000)
 Metaspace       used 64272K, committed 65280K, reserved 1114112K
  class space    used 6603K, committed 7040K, reserved 1048576K
}
Event: 41.614 GC heap after
{Heap after GC invocations=42 (full 4):
 PSYoungGen      total 19968K, used 2553K [0x00000000eab00000, 0x00000000ecf00000, 0x0000000100000000)
  eden space 17408K, 0% used [0x00000000eab00000,0x00000000eab00000,0x00000000ebc00000)
  from space 2560K, 99% used [0x00000000ebf00000,0x00000000ec17e4b0,0x00000000ec180000)
  to   space 9728K, 0% used [0x00000000ec580000,0x00000000ec580000,0x00000000ecf00000)
 ParOldGen       total 78336K, used 52662K [0x00000000c0000000, 0x00000000c4c80000, 0x00000000eab00000)
  object space 78336K, 67% used [0x00000000c0000000,0x00000000c336da98,0x00000000c4c80000)
 Metaspace       used 64272K, committed 65280K, reserved 1114112K
  class space    used 6603K, committed 7040K, reserved 1048576K
}
Event: 42.180 GC heap before
{Heap before GC invocations=43 (full 4):
 PSYoungGen      total 19968K, used 19953K [0x00000000eab00000, 0x00000000ecf00000, 0x0000000100000000)
  eden space 17408K, 99% used [0x00000000eab00000,0x00000000ebbfe1b0,0x00000000ebc00000)
  from space 2560K, 99% used [0x00000000ebf00000,0x00000000ec17e4b0,0x00000000ec180000)
  to   space 9728K, 0% used [0x00000000ec580000,0x00000000ec580000,0x00000000ecf00000)
 ParOldGen       total 78336K, used 52662K [0x00000000c0000000, 0x00000000c4c80000, 0x00000000eab00000)
  object space 78336K, 67% used [0x00000000c0000000,0x00000000c336da98,0x00000000c4c80000)
 Metaspace       used 64371K, committed 65408K, reserved 1114112K
  class space    used 6604K, committed 7040K, reserved 1048576K
}
Event: 42.189 GC heap after
{Heap after GC invocations=43 (full 4):
 PSYoungGen      total 21504K, used 3770K [0x00000000eab00000, 0x00000000ec980000, 0x0000000100000000)
  eden space 17408K, 0% used [0x00000000eab00000,0x00000000eab00000,0x00000000ebc00000)
  from space 4096K, 92% used [0x00000000ec580000,0x00000000ec92eb50,0x00000000ec980000)
  to   space 5632K, 0% used [0x00000000ebe80000,0x00000000ebe80000,0x00000000ec400000)
 ParOldGen       total 78336K, used 53787K [0x00000000c0000000, 0x00000000c4c80000, 0x00000000eab00000)
  object space 78336K, 68% used [0x00000000c0000000,0x00000000c3486f18,0x00000000c4c80000)
 Metaspace       used 64371K, committed 65408K, reserved 1114112K
  class space    used 6604K, committed 7040K, reserved 1048576K
}
Event: 43.812 GC heap before
{Heap before GC invocations=44 (full 4):
 PSYoungGen      total 21504K, used 21178K [0x00000000eab00000, 0x00000000ec980000, 0x0000000100000000)
  eden space 17408K, 100% used [0x00000000eab00000,0x00000000ebc00000,0x00000000ebc00000)
  from space 4096K, 92% used [0x00000000ec580000,0x00000000ec92eb50,0x00000000ec980000)
  to   space 5632K, 0% used [0x00000000ebe80000,0x00000000ebe80000,0x00000000ec400000)
 ParOldGen       total 78336K, used 53787K [0x00000000c0000000, 0x00000000c4c80000, 0x00000000eab00000)
  object space 78336K, 68% used [0x00000000c0000000,0x00000000c3486f18,0x00000000c4c80000)
 Metaspace       used 64647K, committed 65664K, reserved 1114112K
  class space    used 6614K, committed 7040K, reserved 1048576K
}
Event: 43.822 GC heap after
{Heap after GC invocations=44 (full 4):
 PSYoungGen      total 19456K, used 1712K [0x00000000eab00000, 0x00000000ec600000, 0x0000000100000000)
  eden space 17408K, 0% used [0x00000000eab00000,0x00000000eab00000,0x00000000ebc00000)
  from space 2048K, 83% used [0x00000000ebe80000,0x00000000ec02c020,0x00000000ec080000)
  to   space 3072K, 0% used [0x00000000ec300000,0x00000000ec300000,0x00000000ec600000)
 ParOldGen       total 78336K, used 57428K [0x00000000c0000000, 0x00000000c4c80000, 0x00000000eab00000)
  object space 78336K, 73% used [0x00000000c0000000,0x00000000c38151d8,0x00000000c4c80000)
 Metaspace       used 64647K, committed 65664K, reserved 1114112K
  class space    used 6614K, committed 7040K, reserved 1048576K
}

