# JRE version: OpenJDK Runtime Environment Temurin-17.0.5+8 (17.0.5+8) (build 17.0.5+8)
# Java VM: OpenJDK 64-Bit Server VM Temurin-17.0.5+8 (17.0.5+8, mixed mode, tiered, compressed oops, compressed class ptrs, parallel gc, windows-amd64)
GC Precious Log:
 CPUs: 4 total, 4 available
 Memory: 3460M
 Large Page Support: Disabled
 NUMA Support: Disabled
 Compressed Oops: Enabled (32-bit)
 Alignments: Space 512K, Generation 512K, Heap 2M
 Heap Min Capacity: 100M
 Heap Initial Capacity: 100M
 Heap Max Capacity: 1G
 Pre-touch: Disabled
 Parallel Workers: 4
Heap:
 PSYoungGen      total 2048K, used 917K [0x00000000eab00000, 0x00000000eae00000, 0x0000000100000000)
  eden space 1536K, 27% used [0x00000000eab00000,0x00000000eab69f90,0x00000000eac80000)
  from space 512K, 96% used [0x00000000ead80000,0x00000000eadfb780,0x00000000eae00000)
  to   space 512K, 0% used [0x00000000ead00000,0x00000000ead00000,0x00000000ead80000)
 ParOldGen       total 100352K, used 85521K [0x00000000c0000000, 0x00000000c6200000, 0x00000000eab00000)
  object space 100352K, 85% used [0x00000000c0000000,0x00000000c53844e8,0x00000000c6200000)
 Metaspace       used 82166K, committed 83200K, reserved 1130496K
  class space    used 8313K, committed 8768K, reserved 1048576K
GC Heap History (20 events):
Event: 1293.668 GC heap before
{Heap before GC invocations=1260 (full 46):
 PSYoungGen      total 2048K, used 1929K [0x00000000eab00000, 0x00000000eae00000, 0x0000000100000000)
  eden space 1536K, 99% used [0x00000000eab00000,0x00000000eac7fff0,0x00000000eac80000)
  from space 512K, 76% used [0x00000000ead80000,0x00000000eade2508,0x00000000eae00000)
  to   space 512K, 0% used [0x00000000ead00000,0x00000000ead00000,0x00000000ead80000)
 ParOldGen       total 100352K, used 80581K [0x00000000c0000000, 0x00000000c6200000, 0x00000000eab00000)
  object space 100352K, 80% used [0x00000000c0000000,0x00000000c4eb1598,0x00000000c6200000)
 Metaspace       used 82152K, committed 83200K, reserved 1130496K
  class space    used 8313K, committed 8768K, reserved 1048576K
}
Event: 1293.670 GC heap after
{Heap after GC invocations=1260 (full 46):
 PSYoungGen      total 2048K, used 508K [0x00000000eab00000, 0x00000000eae80000, 0x0000000100000000)
  eden space 1536K, 0% used [0x00000000eab00000,0x00000000eab00000,0x00000000eac80000)
  from space 512K, 99% used [0x00000000ead00000,0x00000000ead7f0b0,0x00000000ead80000)
  to   space 1024K, 0% used [0x00000000ead80000,0x00000000ead80000,0x00000000eae80000)
 ParOldGen       total 100352K, used 80993K [0x00000000c0000000, 0x00000000c6200000, 0x00000000eab00000)
  object space 100352K, 80% used [0x00000000c0000000,0x00000000c4f186b0,0x00000000c6200000)
 Metaspace       used 82152K, committed 83200K, reserved 1130496K
  class space    used 8313K, committed 8768K, reserved 1048576K
}
Event: 1293.839 GC heap before
{Heap before GC invocations=1261 (full 46):
 PSYoungGen      total 2048K, used 2044K [0x00000000eab00000, 0x00000000eae80000, 0x0000000100000000)
  eden space 1536K, 99% used [0x00000000eab00000,0x00000000eac7ffe8,0x00000000eac80000)
  from space 512K, 99% used [0x00000000ead00000,0x00000000ead7f0b0,0x00000000ead80000)
  to   space 1024K, 0% used [0x00000000ead80000,0x00000000ead80000,0x00000000eae80000)
 ParOldGen       total 100352K, used 80993K [0x00000000c0000000, 0x00000000c6200000, 0x00000000eab00000)
  object space 100352K, 80% used [0x00000000c0000000,0x00000000c4f186b0,0x00000000c6200000)
 Metaspace       used 82164K, committed 83200K, reserved 1130496K
  class space    used 8313K, committed 8768K, reserved 1048576K
}
Event: 1293.840 GC heap after
{Heap after GC invocations=1261 (full 46):
 PSYoungGen      total 2560K, used 288K [0x00000000eab00000, 0x00000000eae80000, 0x0000000100000000)
  eden space 1536K, 0% used [0x00000000eab00000,0x00000000eab00000,0x00000000eac80000)
  from space 1024K, 28% used [0x00000000ead80000,0x00000000eadc8000,0x00000000eae80000)
  to   space 1024K, 0% used [0x00000000eac80000,0x00000000eac80000,0x00000000ead80000)
 ParOldGen       total 100352K, used 81487K [0x00000000c0000000, 0x00000000c6200000, 0x00000000eab00000)
  object space 100352K, 81% used [0x00000000c0000000,0x00000000c4f93d40,0x00000000c6200000)
 Metaspace       used 82164K, committed 83200K, reserved 1130496K
  class space    used 8313K, committed 8768K, reserved 1048576K
}
Event: 1293.866 GC heap before
{Heap before GC invocations=1262 (full 46):
 PSYoungGen      total 2560K, used 1823K [0x00000000eab00000, 0x00000000eae80000, 0x0000000100000000)
  eden space 1536K, 99% used [0x00000000eab00000,0x00000000eac7ffd8,0x00000000eac80000)
  from space 1024K, 28% used [0x00000000ead80000,0x00000000eadc8000,0x00000000eae80000)
  to   space 1024K, 0% used [0x00000000eac80000,0x00000000eac80000,0x00000000ead80000)
 ParOldGen       total 100352K, used 81487K [0x00000000c0000000, 0x00000000c6200000, 0x00000000eab00000)
  object space 100352K, 81% used [0x00000000c0000000,0x00000000c4f93d40,0x00000000c6200000)
 Metaspace       used 82164K, committed 83200K, reserved 1130496K
  class space    used 8313K, committed 8768K, reserved 1048576K
}
Event: 1293.869 GC heap after
{Heap after GC invocations=1262 (full 46):
 PSYoungGen      total 2560K, used 688K [0x00000000eab00000, 0x00000000eae80000, 0x0000000100000000)
  eden space 1536K, 0% used [0x00000000eab00000,0x00000000eab00000,0x00000000eac80000)
  from space 1024K, 67% used [0x00000000eac80000,0x00000000ead2c010,0x00000000ead80000)
  to   space 1024K, 0% used [0x00000000ead80000,0x00000000ead80000,0x00000000eae80000)
 ParOldGen       total 100352K, used 81740K [0x00000000c0000000, 0x00000000c6200000, 0x00000000eab00000)
  object space 100352K, 81% used [0x00000000c0000000,0x00000000c4fd3100,0x00000000c6200000)
 Metaspace       used 82164K, committed 83200K, reserved 1130496K
  class space    used 8313K, committed 8768K, reserved 1048576K
}
Event: 1293.914 GC heap before
{Heap before GC invocations=1263 (full 46):
 PSYoungGen      total 2560K, used 2208K [0x00000000eab00000, 0x00000000eae80000, 0x0000000100000000)
  eden space 1536K, 98% used [0x00000000eab00000,0x00000000eac7c188,0x00000000eac80000)
  from space 1024K, 67% used [0x00000000eac80000,0x00000000ead2c010,0x00000000ead80000)
  to   space 1024K, 0% used [0x00000000ead80000,0x00000000ead80000,0x00000000eae80000)
 ParOldGen       total 100352K, used 81740K [0x00000000c0000000, 0x00000000c6200000, 0x00000000eab00000)
  object space 100352K, 81% used [0x00000000c0000000,0x00000000c4fd3100,0x00000000c6200000)
 Metaspace       used 82164K, committed 83200K, reserved 1130496K
  class space    used 8313K, committed 8768K, reserved 1048576K
}
Event: 1293.916 GC heap after
{Heap after GC invocations=1263 (full 46):
 PSYoungGen      total 2048K, used 256K [0x00000000eab00000, 0x00000000eae00000, 0x0000000100000000)
  eden space 1536K, 0% used [0x00000000eab00000,0x00000000eab00000,0x00000000eac80000)
  from space 512K, 50% used [0x00000000ead80000,0x00000000eadc0000,0x00000000eae00000)
  to   space 512K, 0% used [0x00000000ead00000,0x00000000ead00000,0x00000000ead80000)
 ParOldGen       total 100352K, used 82318K [0x00000000c0000000, 0x00000000c6200000, 0x00000000eab00000)
  object space 100352K, 82% used [0x00000000c0000000,0x00000000c5063a40,0x00000000c6200000)
 Metaspace       used 82164K, committed 83200K, reserved 1130496K
  class space    used 8313K, committed 8768K, reserved 1048576K
}
Event: 1293.949 GC heap before
{Heap before GC invocations=1264 (full 46):
 PSYoungGen      total 2048K, used 1792K [0x00000000eab00000, 0x00000000eae00000, 0x0000000100000000)
  eden space 1536K, 100% used [0x00000000eab00000,0x00000000eac80000,0x00000000eac80000)
  from space 512K, 50% used [0x00000000ead80000,0x00000000eadc0000,0x00000000eae00000)
  to   space 512K, 0% used [0x00000000ead00000,0x00000000ead00000,0x00000000ead80000)
 ParOldGen       total 100352K, used 82318K [0x00000000c0000000, 0x00000000c6200000, 0x00000000eab00000)
  object space 100352K, 82% used [0x00000000c0000000,0x00000000c5063a40,0x00000000c6200000)
 Metaspace       used 82166K, committed 83200K, reserved 1130496K
  class space    used 8313K, committed 8768K, reserved 1048576K
}
Event: 1293.951 GC heap after
{Heap after GC invocations=1264 (full 46):
 PSYoungGen      total 2048K, used 439K [0x00000000eab00000, 0x00000000eae00000, 0x0000000100000000)
  eden space 1536K, 0% used [0x00000000eab00000,0x00000000eab00000,0x00000000eac80000)
  from space 512K, 85% used [0x00000000ead00000,0x00000000ead6df30,0x00000000ead80000)
  to   space 512K, 0% used [0x00000000ead80000,0x00000000ead80000,0x00000000eae00000)
 ParOldGen       total 100352K, used 82544K [0x00000000c0000000, 0x00000000c6200000, 0x00000000eab00000)
  object space 100352K, 82% used [0x00000000c0000000,0x00000000c509c2a8,0x00000000c6200000)
 Metaspace       used 82166K, committed 83200K, reserved 1130496K
  class space    used 8313K, committed 8768K, reserved 1048576K
}
Event: 1294.083 GC heap before
{Heap before GC invocations=1265 (full 46):
 PSYoungGen      total 2048K, used 1975K [0x00000000eab00000, 0x00000000eae00000, 0x0000000100000000)
  eden space 1536K, 100% used [0x00000000eab00000,0x00000000eac80000,0x00000000eac80000)
  from space 512K, 85% used [0x00000000ead00000,0x00000000ead6df30,0x00000000ead80000)
  to   space 512K, 0% used [0x00000000ead80000,0x00000000ead80000,0x00000000eae00000)
 ParOldGen       total 100352K, used 82544K [0x00000000c0000000, 0x00000000c6200000, 0x00000000eab00000)
  object space 100352K, 82% used [0x00000000c0000000,0x00000000c509c2a8,0x00000000c6200000)
 Metaspace       used 82166K, committed 83200K, reserved 1130496K
  class space    used 8313K, committed 8768K, reserved 1048576K
}
Event: 1294.085 GC heap after
{Heap after GC invocations=1265 (full 46):
 PSYoungGen      total 2048K, used 498K [0x00000000eab00000, 0x00000000eae80000, 0x0000000100000000)
  eden space 1536K, 0% used [0x00000000eab00000,0x00000000eab00000,0x00000000eac80000)
  from space 512K, 97% used [0x00000000ead80000,0x00000000eadfca48,0x00000000eae00000)
  to   space 1024K, 0% used [0x00000000eac80000,0x00000000eac80000,0x00000000ead80000)
 ParOldGen       total 100352K, used 82970K [0x00000000c0000000, 0x00000000c6200000, 0x00000000eab00000)
  object space 100352K, 82% used [0x00000000c0000000,0x00000000c5106b00,0x00000000c6200000)
 Metaspace       used 82166K, committed 83200K, reserved 1130496K
  class space    used 8313K, committed 8768K, reserved 1048576K
}
Event: 1294.131 GC heap before
{Heap before GC invocations=1266 (full 46):
 PSYoungGen      total 2048K, used 2034K [0x00000000eab00000, 0x00000000eae80000, 0x0000000100000000)
  eden space 1536K, 100% used [0x00000000eab00000,0x00000000eac80000,0x00000000eac80000)
  from space 512K, 97% used [0x00000000ead80000,0x00000000eadfca48,0x00000000eae00000)
  to   space 1024K, 0% used [0x00000000eac80000,0x00000000eac80000,0x00000000ead80000)
 ParOldGen       total 100352K, used 82970K [0x00000000c0000000, 0x00000000c6200000, 0x00000000eab00000)
  object space 100352K, 82% used [0x00000000c0000000,0x00000000c5106b00,0x00000000c6200000)
 Metaspace       used 82166K, committed 83200K, reserved 1130496K
  class space    used 8313K, committed 8768K, reserved 1048576K
}
Event: 1294.133 GC heap after
{Heap after GC invocations=1266 (full 46):
 PSYoungGen      total 2560K, used 453K [0x00000000eab00000, 0x00000000eae80000, 0x0000000100000000)
  eden space 1536K, 0% used [0x00000000eab00000,0x00000000eab00000,0x00000000eac80000)
  from space 1024K, 44% used [0x00000000eac80000,0x00000000eacf1738,0x00000000ead80000)
  to   space 1024K, 0% used [0x00000000ead80000,0x00000000ead80000,0x00000000eae80000)
 ParOldGen       total 100352K, used 83434K [0x00000000c0000000, 0x00000000c6200000, 0x00000000eab00000)
  object space 100352K, 83% used [0x00000000c0000000,0x00000000c517ab38,0x00000000c6200000)
 Metaspace       used 82166K, committed 83200K, reserved 1130496K
  class space    used 8313K, committed 8768K, reserved 1048576K
}
Event: 1294.175 GC heap before
{Heap before GC invocations=1267 (full 46):
 PSYoungGen      total 2560K, used 1987K [0x00000000eab00000, 0x00000000eae80000, 0x0000000100000000)
  eden space 1536K, 99% used [0x00000000eab00000,0x00000000eac7f528,0x00000000eac80000)
  from space 1024K, 44% used [0x00000000eac80000,0x00000000eacf1738,0x00000000ead80000)
  to   space 1024K, 0% used [0x00000000ead80000,0x00000000ead80000,0x00000000eae80000)
 ParOldGen       total 100352K, used 83434K [0x00000000c0000000, 0x00000000c6200000, 0x00000000eab00000)
  object space 100352K, 83% used [0x00000000c0000000,0x00000000c517ab38,0x00000000c6200000)
 Metaspace       used 82166K, committed 83200K, reserved 1130496K
  class space    used 8313K, committed 8768K, reserved 1048576K
}
Event: 1294.177 GC heap after
{Heap after GC invocations=1267 (full 46):
 PSYoungGen      total 2048K, used 470K [0x00000000eab00000, 0x00000000eae00000, 0x0000000100000000)
  eden space 1536K, 0% used [0x00000000eab00000,0x00000000eab00000,0x00000000eac80000)
  from space 512K, 91% used [0x00000000ead80000,0x00000000eadf5ad8,0x00000000eae00000)
  to   space 512K, 0% used [0x00000000ead00000,0x00000000ead00000,0x00000000ead80000)
 ParOldGen       total 100352K, used 83854K [0x00000000c0000000, 0x00000000c6200000, 0x00000000eab00000)
  object space 100352K, 83% used [0x00000000c0000000,0x00000000c51e3808,0x00000000c6200000)
 Metaspace       used 82166K, committed 83200K, reserved 1130496K
  class space    used 8313K, committed 8768K, reserved 1048576K
}
Event: 1294.188 GC heap before
{Heap before GC invocations=1268 (full 46):
 PSYoungGen      total 2048K, used 2006K [0x00000000eab00000, 0x00000000eae00000, 0x0000000100000000)
  eden space 1536K, 100% used [0x00000000eab00000,0x00000000eac80000,0x00000000eac80000)
  from space 512K, 91% used [0x00000000ead80000,0x00000000eadf5ad8,0x00000000eae00000)
  to   space 512K, 0% used [0x00000000ead00000,0x00000000ead00000,0x00000000ead80000)
 ParOldGen       total 100352K, used 83854K [0x00000000c0000000, 0x00000000c6200000, 0x00000000eab00000)
  object space 100352K, 83% used [0x00000000c0000000,0x00000000c51e3808,0x00000000c6200000)
 Metaspace       used 82166K, committed 83200K, reserved 1130496K
  class space    used 8313K, committed 8768K, reserved 1048576K
}
Event: 1294.190 GC heap after
{Heap after GC invocations=1268 (full 46):
 PSYoungGen      total 2048K, used 504K [0x00000000eab00000, 0x00000000eae00000, 0x0000000100000000)
  eden space 1536K, 0% used [0x00000000eab00000,0x00000000eab00000,0x00000000eac80000)
  from space 512K, 98% used [0x00000000ead00000,0x00000000ead7e100,0x00000000ead80000)
  to   space 512K, 0% used [0x00000000ead80000,0x00000000ead80000,0x00000000eae00000)
 ParOldGen       total 100352K, used 84263K [0x00000000c0000000, 0x00000000c6200000, 0x00000000eab00000)
  object space 100352K, 83% used [0x00000000c0000000,0x00000000c5249d80,0x00000000c6200000)
 Metaspace       used 82166K, committed 83200K, reserved 1130496K
  class space    used 8313K, committed 8768K, reserved 1048576K
}
Event: 1294.502 GC heap before
{Heap before GC invocations=1269 (full 46):
 PSYoungGen      total 2048K, used 2040K [0x00000000eab00000, 0x00000000eae00000, 0x0000000100000000)
  eden space 1536K, 100% used [0x00000000eab00000,0x00000000eac80000,0x00000000eac80000)
  from space 512K, 98% used [0x00000000ead00000,0x00000000ead7e100,0x00000000ead80000)
  to   space 512K, 0% used [0x00000000ead80000,0x00000000ead80000,0x00000000eae00000)
 ParOldGen       total 100352K, used 84263K [0x00000000c0000000, 0x00000000c6200000, 0x00000000eab00000)
  object space 100352K, 83% used [0x00000000c0000000,0x00000000c5249d80,0x00000000c6200000)
 Metaspace       used 82166K, committed 83200K, reserved 1130496K
  class space    used 8313K, committed 8768K, reserved 1048576K
}
Event: 1294.503 GC heap after
{Heap after GC invocations=1269 (full 46):
 PSYoungGen      total 2048K, used 407K [0x00000000eab00000, 0x00000000eae00000, 0x0000000100000000)
  eden space 1536K, 0% used [0x00000000eab00000,0x00000000eab00000,0x00000000eac80000)
  from space 512K, 79% used [0x00000000ead80000,0x00000000eade5cc0,0x00000000eae00000)
  to   space 512K, 0% used [0x00000000ead00000,0x00000000ead00000,0x00000000ead80000)
 ParOldGen       total 100352K, used 84706K [0x00000000c0000000, 0x00000000c6200000, 0x00000000eab00000)
  object space 100352K, 84% used [0x00000000c0000000,0x00000000c52b8b68,0x00000000c6200000)
 Metaspace       used 82166K, committed 83200K, reserved 1130496K
  class space    used 8313K, committed 8768K, reserved 1048576K
}

