# JRE version: OpenJDK Runtime Environment Temurin-17.0.5+8 (17.0.5+8) (build 17.0.5+8)
# Java VM: OpenJDK 64-Bit Server VM Temurin-17.0.5+8 (17.0.5+8, mixed mode, tiered, compressed oops, compressed class ptrs, parallel gc, windows-amd64)
GC Precious Log:
 CPUs: 4 total, 4 available
 Memory: 3460M
 Large Page Support: Disabled
 NUMA Support: Disabled
 Compressed Oops: Enabled (32-bit)
 Alignments: Space 512K, Generation 512K, Heap 2M
 Heap Min Capacity: 100M
 Heap Initial Capacity: 100M
 Heap Max Capacity: 1G
 Pre-touch: Disabled
 Parallel Workers: 4
Heap:
 PSYoungGen      total 2048K, used 1014K [0x00000000eab00000, 0x00000000eae00000, 0x0000000100000000)
  eden space 1536K, 57% used [0x00000000eab00000,0x00000000eabddb58,0x00000000eac80000)
  from space 512K, 25% used [0x00000000ead00000,0x00000000ead20000,0x00000000ead80000)
  to   space 512K, 0% used [0x00000000ead80000,0x00000000ead80000,0x00000000eae00000)
 ParOldGen       total 107008K, used 89570K [0x00000000c0000000, 0x00000000c6880000, 0x00000000eab00000)
  object space 107008K, 83% used [0x00000000c0000000,0x00000000c5778b80,0x00000000c6880000)
 Metaspace       used 66014K, committed 67072K, reserved 1114112K
  class space    used 6753K, committed 7232K, reserved 1048576K
GC Heap History (20 events):
Event: 84.861 GC heap before
{Heap before GC invocations=146 (full 7):
 PSYoungGen      total 3072K, used 2914K [0x00000000eab00000, 0x00000000eaf00000, 0x0000000100000000)
  eden space 2048K, 98% used [0x00000000eab00000,0x00000000eacf8be8,0x00000000ead00000)
  from space 1024K, 87% used [0x00000000eae00000,0x00000000eaee0000,0x00000000eaf00000)
  to   space 1024K, 0% used [0x00000000ead00000,0x00000000ead00000,0x00000000eae00000)
 ParOldGen       total 107008K, used 87830K [0x00000000c0000000, 0x00000000c6880000, 0x00000000eab00000)
  object space 107008K, 82% used [0x00000000c0000000,0x00000000c55c5900,0x00000000c6880000)
 Metaspace       used 65927K, committed 67008K, reserved 1114112K
  class space    used 6753K, committed 7232K, reserved 1048576K
}
Event: 84.863 GC heap after
{Heap after GC invocations=146 (full 7):
 PSYoungGen      total 3072K, used 592K [0x00000000eab00000, 0x00000000eaf00000, 0x0000000100000000)
  eden space 2048K, 0% used [0x00000000eab00000,0x00000000eab00000,0x00000000ead00000)
  from space 1024K, 57% used [0x00000000ead00000,0x00000000ead94010,0x00000000eae00000)
  to   space 1024K, 0% used [0x00000000eae00000,0x00000000eae00000,0x00000000eaf00000)
 ParOldGen       total 107008K, used 87830K [0x00000000c0000000, 0x00000000c6880000, 0x00000000eab00000)
  object space 107008K, 82% used [0x00000000c0000000,0x00000000c55c5900,0x00000000c6880000)
 Metaspace       used 65927K, committed 67008K, reserved 1114112K
  class space    used 6753K, committed 7232K, reserved 1048576K
}
Event: 85.027 GC heap before
{Heap before GC invocations=147 (full 7):
 PSYoungGen      total 3072K, used 2640K [0x00000000eab00000, 0x00000000eaf00000, 0x0000000100000000)
  eden space 2048K, 99% used [0x00000000eab00000,0x00000000eacffff8,0x00000000ead00000)
  from space 1024K, 57% used [0x00000000ead00000,0x00000000ead94010,0x00000000eae00000)
  to   space 1024K, 0% used [0x00000000eae00000,0x00000000eae00000,0x00000000eaf00000)
 ParOldGen       total 107008K, used 87830K [0x00000000c0000000, 0x00000000c6880000, 0x00000000eab00000)
  object space 107008K, 82% used [0x00000000c0000000,0x00000000c55c5900,0x00000000c6880000)
 Metaspace       used 65931K, committed 67008K, reserved 1114112K
  class space    used 6753K, committed 7232K, reserved 1048576K
}
Event: 85.029 GC heap after
{Heap after GC invocations=147 (full 7):
 PSYoungGen      total 3072K, used 896K [0x00000000eab00000, 0x00000000eaf00000, 0x0000000100000000)
  eden space 2048K, 0% used [0x00000000eab00000,0x00000000eab00000,0x00000000ead00000)
  from space 1024K, 87% used [0x00000000eae00000,0x00000000eaee0000,0x00000000eaf00000)
  to   space 1024K, 0% used [0x00000000ead00000,0x00000000ead00000,0x00000000eae00000)
 ParOldGen       total 107008K, used 87830K [0x00000000c0000000, 0x00000000c6880000, 0x00000000eab00000)
  object space 107008K, 82% used [0x00000000c0000000,0x00000000c55c5900,0x00000000c6880000)
 Metaspace       used 65931K, committed 67008K, reserved 1114112K
  class space    used 6753K, committed 7232K, reserved 1048576K
}
Event: 85.450 GC heap before
{Heap before GC invocations=148 (full 7):
 PSYoungGen      total 3072K, used 2944K [0x00000000eab00000, 0x00000000eaf00000, 0x0000000100000000)
  eden space 2048K, 100% used [0x00000000eab00000,0x00000000ead00000,0x00000000ead00000)
  from space 1024K, 87% used [0x00000000eae00000,0x00000000eaee0000,0x00000000eaf00000)
  to   space 1024K, 0% used [0x00000000ead00000,0x00000000ead00000,0x00000000eae00000)
 ParOldGen       total 107008K, used 87830K [0x00000000c0000000, 0x00000000c6880000, 0x00000000eab00000)
  object space 107008K, 82% used [0x00000000c0000000,0x00000000c55c5900,0x00000000c6880000)
 Metaspace       used 65949K, committed 67008K, reserved 1114112K
  class space    used 6753K, committed 7232K, reserved 1048576K
}
Event: 85.452 GC heap after
{Heap after GC invocations=148 (full 7):
 PSYoungGen      total 3072K, used 288K [0x00000000eab00000, 0x00000000eae80000, 0x0000000100000000)
  eden space 2048K, 0% used [0x00000000eab00000,0x00000000eab00000,0x00000000ead00000)
  from space 1024K, 28% used [0x00000000ead00000,0x00000000ead48000,0x00000000eae00000)
  to   space 512K, 0% used [0x00000000eae00000,0x00000000eae00000,0x00000000eae80000)
 ParOldGen       total 107008K, used 87838K [0x00000000c0000000, 0x00000000c6880000, 0x00000000eab00000)
  object space 107008K, 82% used [0x00000000c0000000,0x00000000c55c7900,0x00000000c6880000)
 Metaspace       used 65949K, committed 67008K, reserved 1114112K
  class space    used 6753K, committed 7232K, reserved 1048576K
}
Event: 85.798 GC heap before
{Heap before GC invocations=149 (full 7):
 PSYoungGen      total 3072K, used 2327K [0x00000000eab00000, 0x00000000eae80000, 0x0000000100000000)
  eden space 2048K, 99% used [0x00000000eab00000,0x00000000eacfdf00,0x00000000ead00000)
  from space 1024K, 28% used [0x00000000ead00000,0x00000000ead48000,0x00000000eae00000)
  to   space 512K, 0% used [0x00000000eae00000,0x00000000eae00000,0x00000000eae80000)
 ParOldGen       total 107008K, used 87838K [0x00000000c0000000, 0x00000000c6880000, 0x00000000eab00000)
  object space 107008K, 82% used [0x00000000c0000000,0x00000000c55c7900,0x00000000c6880000)
 Metaspace       used 65949K, committed 67008K, reserved 1114112K
  class space    used 6753K, committed 7232K, reserved 1048576K
}
Event: 85.800 GC heap after
{Heap after GC invocations=149 (full 7):
 PSYoungGen      total 2560K, used 512K [0x00000000eab00000, 0x00000000eaf00000, 0x0000000100000000)
  eden space 2048K, 0% used [0x00000000eab00000,0x00000000eab00000,0x00000000ead00000)
  from space 512K, 100% used [0x00000000eae00000,0x00000000eae80000,0x00000000eae80000)
  to   space 1024K, 0% used [0x00000000ead00000,0x00000000ead00000,0x00000000eae00000)
 ParOldGen       total 107008K, used 88006K [0x00000000c0000000, 0x00000000c6880000, 0x00000000eab00000)
  object space 107008K, 82% used [0x00000000c0000000,0x00000000c55f1920,0x00000000c6880000)
 Metaspace       used 65949K, committed 67008K, reserved 1114112K
  class space    used 6753K, committed 7232K, reserved 1048576K
}
Event: 85.823 GC heap before
{Heap before GC invocations=150 (full 7):
 PSYoungGen      total 2560K, used 2553K [0x00000000eab00000, 0x00000000eaf00000, 0x0000000100000000)
  eden space 2048K, 99% used [0x00000000eab00000,0x00000000eacfe408,0x00000000ead00000)
  from space 512K, 100% used [0x00000000eae00000,0x00000000eae80000,0x00000000eae80000)
  to   space 1024K, 0% used [0x00000000ead00000,0x00000000ead00000,0x00000000eae00000)
 ParOldGen       total 107008K, used 88006K [0x00000000c0000000, 0x00000000c6880000, 0x00000000eab00000)
  object space 107008K, 82% used [0x00000000c0000000,0x00000000c55f1920,0x00000000c6880000)
 Metaspace       used 65954K, committed 67008K, reserved 1114112K
  class space    used 6753K, committed 7232K, reserved 1048576K
}
Event: 85.827 GC heap after
{Heap after GC invocations=150 (full 7):
 PSYoungGen      total 3072K, used 688K [0x00000000eab00000, 0x00000000eaf00000, 0x0000000100000000)
  eden space 2048K, 0% used [0x00000000eab00000,0x00000000eab00000,0x00000000ead00000)
  from space 1024K, 67% used [0x00000000ead00000,0x00000000eadac010,0x00000000eae00000)
  to   space 1024K, 0% used [0x00000000eae00000,0x00000000eae00000,0x00000000eaf00000)
 ParOldGen       total 107008K, used 88227K [0x00000000c0000000, 0x00000000c6880000, 0x00000000eab00000)
  object space 107008K, 82% used [0x00000000c0000000,0x00000000c5628da0,0x00000000c6880000)
 Metaspace       used 65954K, committed 67008K, reserved 1114112K
  class space    used 6753K, committed 7232K, reserved 1048576K
}
Event: 85.862 GC heap before
{Heap before GC invocations=151 (full 7):
 PSYoungGen      total 3072K, used 2736K [0x00000000eab00000, 0x00000000eaf00000, 0x0000000100000000)
  eden space 2048K, 100% used [0x00000000eab00000,0x00000000ead00000,0x00000000ead00000)
  from space 1024K, 67% used [0x00000000ead00000,0x00000000eadac010,0x00000000eae00000)
  to   space 1024K, 0% used [0x00000000eae00000,0x00000000eae00000,0x00000000eaf00000)
 ParOldGen       total 107008K, used 88227K [0x00000000c0000000, 0x00000000c6880000, 0x00000000eab00000)
  object space 107008K, 82% used [0x00000000c0000000,0x00000000c5628da0,0x00000000c6880000)
 Metaspace       used 65983K, committed 67072K, reserved 1114112K
  class space    used 6753K, committed 7232K, reserved 1048576K
}
Event: 85.865 GC heap after
{Heap after GC invocations=151 (full 7):
 PSYoungGen      total 2560K, used 992K [0x00000000eab00000, 0x00000000eb000000, 0x0000000100000000)
  eden space 1536K, 0% used [0x00000000eab00000,0x00000000eab00000,0x00000000eac80000)
  from space 1024K, 96% used [0x00000000eae00000,0x00000000eaef8020,0x00000000eaf00000)
  to   space 1536K, 0% used [0x00000000eac80000,0x00000000eac80000,0x00000000eae00000)
 ParOldGen       total 107008K, used 88363K [0x00000000c0000000, 0x00000000c6880000, 0x00000000eab00000)
  object space 107008K, 82% used [0x00000000c0000000,0x00000000c564ada0,0x00000000c6880000)
 Metaspace       used 65983K, committed 67072K, reserved 1114112K
  class space    used 6753K, committed 7232K, reserved 1048576K
}
Event: 85.888 GC heap before
{Heap before GC invocations=152 (full 7):
 PSYoungGen      total 2560K, used 2528K [0x00000000eab00000, 0x00000000eb000000, 0x0000000100000000)
  eden space 1536K, 100% used [0x00000000eab00000,0x00000000eac80000,0x00000000eac80000)
  from space 1024K, 96% used [0x00000000eae00000,0x00000000eaef8020,0x00000000eaf00000)
  to   space 1536K, 0% used [0x00000000eac80000,0x00000000eac80000,0x00000000eae00000)
 ParOldGen       total 107008K, used 88363K [0x00000000c0000000, 0x00000000c6880000, 0x00000000eab00000)
  object space 107008K, 82% used [0x00000000c0000000,0x00000000c564ada0,0x00000000c6880000)
 Metaspace       used 66004K, committed 67072K, reserved 1114112K
  class space    used 6753K, committed 7232K, reserved 1048576K
}
Event: 85.892 GC heap after
{Heap after GC invocations=152 (full 7):
 PSYoungGen      total 2560K, used 944K [0x00000000eab00000, 0x00000000eae80000, 0x0000000100000000)
  eden space 1536K, 0% used [0x00000000eab00000,0x00000000eab00000,0x00000000eac80000)
  from space 1024K, 92% used [0x00000000eac80000,0x00000000ead6c010,0x00000000ead80000)
  to   space 1024K, 0% used [0x00000000ead80000,0x00000000ead80000,0x00000000eae80000)
 ParOldGen       total 107008K, used 88387K [0x00000000c0000000, 0x00000000c6880000, 0x00000000eab00000)
  object space 107008K, 82% used [0x00000000c0000000,0x00000000c5650da0,0x00000000c6880000)
 Metaspace       used 66004K, committed 67072K, reserved 1114112K
  class space    used 6753K, committed 7232K, reserved 1048576K
}
Event: 86.082 GC heap before
{Heap before GC invocations=153 (full 7):
 PSYoungGen      total 2560K, used 2480K [0x00000000eab00000, 0x00000000eae80000, 0x0000000100000000)
  eden space 1536K, 100% used [0x00000000eab00000,0x00000000eac80000,0x00000000eac80000)
  from space 1024K, 92% used [0x00000000eac80000,0x00000000ead6c010,0x00000000ead80000)
  to   space 1024K, 0% used [0x00000000ead80000,0x00000000ead80000,0x00000000eae80000)
 ParOldGen       total 107008K, used 88387K [0x00000000c0000000, 0x00000000c6880000, 0x00000000eab00000)
  object space 107008K, 82% used [0x00000000c0000000,0x00000000c5650da0,0x00000000c6880000)
 Metaspace       used 66004K, committed 67072K, reserved 1114112K
  class space    used 6753K, committed 7232K, reserved 1048576K
}
Event: 86.084 GC heap after
{Heap after GC invocations=153 (full 7):
 PSYoungGen      total 2560K, used 896K [0x00000000eab00000, 0x00000000eae80000, 0x0000000100000000)
  eden space 1536K, 0% used [0x00000000eab00000,0x00000000eab00000,0x00000000eac80000)
  from space 1024K, 87% used [0x00000000ead80000,0x00000000eae60020,0x00000000eae80000)
  to   space 1024K, 0% used [0x00000000eac80000,0x00000000eac80000,0x00000000ead80000)
 ParOldGen       total 107008K, used 88656K [0x00000000c0000000, 0x00000000c6880000, 0x00000000eab00000)
  object space 107008K, 82% used [0x00000000c0000000,0x00000000c5694220,0x00000000c6880000)
 Metaspace       used 66004K, committed 67072K, reserved 1114112K
  class space    used 6753K, committed 7232K, reserved 1048576K
}
Event: 86.570 GC heap before
{Heap before GC invocations=154 (full 7):
 PSYoungGen      total 2560K, used 2432K [0x00000000eab00000, 0x00000000eae80000, 0x0000000100000000)
  eden space 1536K, 100% used [0x00000000eab00000,0x00000000eac80000,0x00000000eac80000)
  from space 1024K, 87% used [0x00000000ead80000,0x00000000eae60020,0x00000000eae80000)
  to   space 1024K, 0% used [0x00000000eac80000,0x00000000eac80000,0x00000000ead80000)
 ParOldGen       total 107008K, used 88656K [0x00000000c0000000, 0x00000000c6880000, 0x00000000eab00000)
  object space 107008K, 82% used [0x00000000c0000000,0x00000000c5694220,0x00000000c6880000)
 Metaspace       used 66007K, committed 67072K, reserved 1114112K
  class space    used 6753K, committed 7232K, reserved 1048576K
}
Event: 86.572 GC heap after
{Heap after GC invocations=154 (full 7):
 PSYoungGen      total 2560K, used 192K [0x00000000eab00000, 0x00000000eae00000, 0x0000000100000000)
  eden space 1536K, 0% used [0x00000000eab00000,0x00000000eab00000,0x00000000eac80000)
  from space 1024K, 18% used [0x00000000eac80000,0x00000000eacb0000,0x00000000ead80000)
  to   space 512K, 0% used [0x00000000ead80000,0x00000000ead80000,0x00000000eae00000)
 ParOldGen       total 107008K, used 89173K [0x00000000c0000000, 0x00000000c6880000, 0x00000000eab00000)
  object space 107008K, 83% used [0x00000000c0000000,0x00000000c57156e0,0x00000000c6880000)
 Metaspace       used 66007K, committed 67072K, reserved 1114112K
  class space    used 6753K, committed 7232K, reserved 1048576K
}
Event: 86.701 GC heap before
{Heap before GC invocations=155 (full 7):
 PSYoungGen      total 2560K, used 1728K [0x00000000eab00000, 0x00000000eae00000, 0x0000000100000000)
  eden space 1536K, 100% used [0x00000000eab00000,0x00000000eac80000,0x00000000eac80000)
  from space 1024K, 18% used [0x00000000eac80000,0x00000000eacb0000,0x00000000ead80000)
  to   space 512K, 0% used [0x00000000ead80000,0x00000000ead80000,0x00000000eae00000)
 ParOldGen       total 107008K, used 89173K [0x00000000c0000000, 0x00000000c6880000, 0x00000000eab00000)
  object space 107008K, 83% used [0x00000000c0000000,0x00000000c57156e0,0x00000000c6880000)
 Metaspace       used 66010K, committed 67072K, reserved 1114112K
  class space    used 6753K, committed 7232K, reserved 1048576K
}
Event: 86.703 GC heap after
{Heap after GC invocations=155 (full 7):
 PSYoungGen      total 2048K, used 432K [0x00000000eab00000, 0x00000000eae00000, 0x0000000100000000)
  eden space 1536K, 0% used [0x00000000eab00000,0x00000000eab00000,0x00000000eac80000)
  from space 512K, 84% used [0x00000000ead80000,0x00000000eadec010,0x00000000eae00000)
  to   space 512K, 0% used [0x00000000ead00000,0x00000000ead00000,0x00000000ead80000)
 ParOldGen       total 107008K, used 89237K [0x00000000c0000000, 0x00000000c6880000, 0x00000000eab00000)
  object space 107008K, 83% used [0x00000000c0000000,0x00000000c57256e0,0x00000000c6880000)
 Metaspace       used 66010K, committed 67072K, reserved 1114112K
  class space    used 6753K, committed 7232K, reserved 1048576K
}

